#! /usr/bin/vvp
:vpi_time_precision + 0;
:vpi_module "system";
S_0x8305930 .scope module, "adder32bit" "adder32bit";
 .timescale 0;
V_$0x834fd08 .net "c0", 0, 0, C<z>;
V_$0x834fe10 .net "c16", 0, 0, L_0x8358618;
V_$0x834ee48 .net "cout", 0, 0, L_0x835c430;
V_$0x834fe78 .net "in1", 31, 0, C<z>, C<z>, C<z>, C<z>, C<z>, C<z>, C<z>, C<z>, C<z>, C<z>, C<z>, C<z>, C<z>, C<z>, C<z>, C<z>, C<z>, C<z>, C<z>, C<z>, C<z>, C<z>, C<z>, C<z>, C<z>, C<z>, C<z>, C<z>, C<z>, C<z>, C<z>, C<z>;
V_$0x8350408 .net "in2", 31, 0, C<z>, C<z>, C<z>, C<z>, C<z>, C<z>, C<z>, C<z>, C<z>, C<z>, C<z>, C<z>, C<z>, C<z>, C<z>, C<z>, C<z>, C<z>, C<z>, C<z>, C<z>, C<z>, C<z>, C<z>, C<z>, C<z>, C<z>, C<z>, C<z>, C<z>, C<z>, C<z>;
V_$0x8350998 .net "out", 31, 0, L_0x83562f0, L_0x8355dc8, L_0x8355e48, L_0x83563f0, L_0x8357208, L_0x8356d70, L_0x8356df0, L_0x8357290, L_0x8358148, L_0x8357c68, L_0x8357ce8, L_0x83581d0, L_0x83590e8, L_0x8358c08, L_0x8358c88, L_0x8359198, L_0x835a168, L_0x835a2d0, L_0x835a218, L_0x835a248, L_0x835afd0, L_0x835ab08, L_0x835ab88, L_0x835b058, L_0x835bf58, L_0x835ba90, L_0x835bb10, L_0x835bfe0, L_0x835cf40, L_0x835ca60, L_0x835cae0, L_0x835cff0;
S_0x830a038 .scope module, "HierarchialCla1" "hierarchial_cla_16", S_0x8305930;
 .timescale 0;
L_0x8356298 .functor AND (1), C<z>, L_0x8356420, C<1>, C<1>;
L_0x8356488 .functor OR (1), L_0x8356018, L_0x8356298, C<0>, C<0>;
L_0x83571b0 .functor AND (1), L_0x8356018, L_0x83572c0, C<1>, C<1>;
L_0x8357430 .functor AND (1), C<z>, L_0x8356420, L_0x83572c0, C<1>;
L_0x8356780 .functor OR (1), L_0x8356fa8, L_0x83571b0, L_0x8357430, C<0>;
L_0x83580f0 .functor AND (1), C<z>, L_0x8356420, L_0x83572c0, L_0x8358200;
L_0x8357630 .functor AND (1), L_0x8356fa8, L_0x8358200, C<1>, C<1>;
L_0x83585e8 .functor AND (1), L_0x8356018, L_0x83572c0, L_0x8358200, C<1>;
L_0x83586c0 .functor OR (1), L_0x8357eb8, L_0x8357630, L_0x83585e8, L_0x83580f0;
L_0x8359090/0/0 .functor AND, C<z>, L_0x8356420, L_0x83572c0, L_0x8358200;
L_0x8359090/0/4 .functor AND, L_0x83591c8, C<1>, C<1>, C<1>;
L_0x8359090 .functor AND (1), L_0x8359090/0/0, L_0x8359090/0/4, C<1>, C<1>;
L_0x8359368 .functor AND (1), L_0x8357eb8, L_0x83591c8, C<1>, C<1>;
L_0x8359580 .functor AND (1), L_0x8356fa8, L_0x8358200, L_0x83591c8, C<1>;
L_0x8359338 .functor AND (1), L_0x8356018, L_0x83572c0, L_0x8358200, L_0x83591c8;
L_0x8358618/0/0 .functor OR, L_0x8358e58, L_0x8359368, L_0x8359580, L_0x8359338;
L_0x8358618/0/4 .functor OR, L_0x8359090, C<0>, C<0>, C<0>;
L_0x8358618 .functor OR (1), L_0x8358618/0/0, L_0x8358618/0/4, C<0>, C<0>;
V_$0x834ebe8 .net "c0", 0, 0, C<z>;
V_$0x834ed28 .net "c12", 0, 0, L_0x83586c0;
V_$0x834ed78 .net "c4", 0, 0, L_0x8356488;
V_$0x834edc8 .net "c8", 0, 0, L_0x8356780;
V_$0x834ee18 .net "cout", 0, 0, L_0x8358618;
V_$0x834ee88 .net "cout0", 0, 0, L_0x8356348;
V_$0x834eed8 .net "cout1", 0, 0, L_0x8357260;
V_$0x834ef28 .net "cout2", 0, 0, L_0x83581a0;
V_$0x834ef80 .net "cp0", 0, 0, L_0x8356298;
V_$0x834efb0 .net "cp01", 0, 0, L_0x8357430;
V_$0x834f010 .net "cp02", 0, 0, L_0x83580f0;
V_$0x834f058 .net "cp03", 0, 0, L_0x8359090;
V_$0x834efe0 .net "g0", 0, 0, L_0x8356018;
V_$0x834f0f8 .net "g0p1", 0, 0, L_0x83571b0;
V_$0x834f168 .net "g0p12", 0, 0, L_0x83585e8;
V_$0x834f1e0 .net "g0p13", 0, 0, L_0x8359338;
V_$0x834f268 .net "g1", 0, 0, L_0x8356fa8;
V_$0x834f2b8 .net "g1p2", 0, 0, L_0x8357630;
V_$0x834f220 .net "g1p23", 0, 0, L_0x8359580;
V_$0x834f348 .net "g2", 0, 0, L_0x8357eb8;
V_$0x834f308 .net "g2p3", 0, 0, L_0x8359368;
V_$0x834f3f8 .net "g3", 0, 0, L_0x8358e58;
V_$0x834f448 .net "in1", 15, 0, C<z>, C<z>, C<z>, C<z>, C<z>, C<z>, C<z>, C<z>, C<z>, C<z>, C<z>, C<z>, C<z>, C<z>, C<z>, C<z>;
V_$0x834f6e8 .net "in2", 15, 0, C<z>, C<z>, C<z>, C<z>, C<z>, C<z>, C<z>, C<z>, C<z>, C<z>, C<z>, C<z>, C<z>, C<z>, C<z>, C<z>;
V_$0x834f980 .net "out", 15, 0, L_0x83562f0, L_0x8355dc8, L_0x8355e48, L_0x83563f0, L_0x8357208, L_0x8356d70, L_0x8356df0, L_0x8357290, L_0x8358148, L_0x8357c68, L_0x8357ce8, L_0x83581d0, L_0x83590e8, L_0x8358c08, L_0x8358c88, L_0x8359198;
V_$0x834fbf8 .net "p0", 0, 0, L_0x8356420;
V_$0x834f738 .net "p1", 0, 0, L_0x83572c0;
V_$0x834fcb8 .net "p2", 0, 0, L_0x8358200;
V_$0x834fc48 .net "p3", 0, 0, L_0x83591c8;
V_$0x834fd60 .net "cout3", 0, 0, L_0x8359140;
S_0x83082c0 .scope module, "CLA1" "cla4", S_0x830a038;
 .timescale 0;
L_0x8355770 .functor AND (1), C<z>, C<z>, C<1>, C<1>;
L_0x8355810 .functor AND (1), C<z>, C<z>, C<1>, C<1>;
L_0x83558b0 .functor AND (1), C<z>, C<z>, C<1>, C<1>;
L_0x8355950 .functor AND (1), C<z>, C<z>, C<1>, C<1>;
L_0x83559f0 .functor XOR (1), C<z>, C<z>, C<0>, C<0>;
L_0x8355aa0 .functor XOR (1), C<z>, C<z>, C<0>, C<0>;
L_0x8355b50 .functor XOR (1), C<z>, C<z>, C<0>, C<0>;
L_0x8355c00 .functor XOR (1), C<z>, C<z>, C<0>, C<0>;
L_0x8355cb0 .functor AND (1), C<z>, L_0x83559f0, C<1>, C<1>;
L_0x8355ce0 .functor AND (1), C<z>, L_0x83559f0, L_0x8355aa0, C<1>;
L_0x8355d80 .functor AND (1), C<z>, L_0x83559f0, L_0x8355aa0, L_0x8355b50;
L_0x8355e18/0/0 .functor AND, C<z>, L_0x83559f0, L_0x8355aa0, L_0x8355b50;
L_0x8355e18/0/4 .functor AND, L_0x8355c00, C<1>, C<1>, C<1>;
L_0x8355e18 .functor AND (1), L_0x8355e18/0/0, L_0x8355e18/0/4, C<1>, C<1>;
L_0x8355d50 .functor OR (1), L_0x8355770, L_0x8355cb0, C<0>, C<0>;
L_0x8355ea0 .functor AND (1), L_0x8355770, L_0x8355aa0, C<1>, C<1>;
L_0x8355f20 .functor AND (1), L_0x8355810, L_0x8355b50, C<1>, C<1>;
L_0x8355f90 .functor AND (1), L_0x8355770, L_0x8355aa0, L_0x8355b50, C<1>;
L_0x83560b8 .functor AND (1), L_0x83558b0, L_0x8355c00, C<1>, C<1>;
L_0x83560e8 .functor AND (1), L_0x8355810, L_0x8355b50, L_0x8355c00, C<1>;
L_0x8356188 .functor AND (1), L_0x8355770, L_0x8355aa0, L_0x8355b50, L_0x8355c00;
L_0x8356130 .functor OR (1), L_0x8355810, L_0x8355ea0, L_0x8355ce0, C<0>;
L_0x8355ed0 .functor OR (1), L_0x83558b0, L_0x8355f20, L_0x8355f90, L_0x8355d80;
L_0x8356348/0/0 .functor OR, L_0x8355950, L_0x83560b8, L_0x83560e8, L_0x8356188;
L_0x8356348/0/4 .functor OR, L_0x8355e18, C<0>, C<0>, C<0>;
L_0x8356348 .functor OR (1), L_0x8356348/0/0, L_0x8356348/0/4, C<0>, C<0>;
L_0x83562f0 .functor XOR (1), L_0x83559f0, C<z>, C<0>, C<0>;
L_0x8355dc8 .functor XOR (1), L_0x8355aa0, L_0x8355d50, C<0>, C<0>;
L_0x8355e48 .functor XOR (1), L_0x8355b50, L_0x8356130, C<0>, C<0>;
L_0x83563f0 .functor XOR (1), L_0x8355c00, L_0x8355ed0, C<0>, C<0>;
L_0x8356420 .functor AND (1), L_0x8355c00, L_0x8355b50, L_0x8355aa0, L_0x83559f0;
L_0x8356018 .functor OR (1), L_0x8355950, L_0x83560b8, L_0x83560e8, L_0x8356188;
V_$0x8308448 .net "c0", 0, 0, C<z>;
V_$0x8322260 .net "c1", 0, 0, L_0x8355d50;
V_$0x83222c8 .net "c2", 0, 0, L_0x8356130;
V_$0x8322330 .net "c3", 0, 0, L_0x8355ed0;
V_$0x83223a0 .net "cout", 0, 0, L_0x8356348;
V_$0x8322408 .net "cp0", 0, 0, L_0x8355cb0;
V_$0x8320788 .net "cp01", 0, 0, L_0x8355ce0;
V_$0x83207f0 .net "cp02", 0, 0, L_0x8355d80;
V_$0x8320868 .net "cp03", 0, 0, L_0x8355e18;
V_$0x83208d0 .net "g", 0, 0, L_0x8356018;
V_$0x831b6e0 .net "g0", 0, 0, L_0x8355770;
V_$0x831b728 .net "g0p1", 0, 0, L_0x8355ea0;
V_$0x831b7a0 .net "g0p12", 0, 0, L_0x8355f90;
V_$0x831b7f8 .net "g0p13", 0, 0, L_0x8356188;
V_$0x831b880 .net "g1", 0, 0, L_0x8355810;
V_$0x834e540 .net "g1p2", 0, 0, L_0x8355f20;
V_$0x831b828 .net "g1p23", 0, 0, L_0x83560e8;
V_$0x834e5b8 .net "g2", 0, 0, L_0x83558b0;
V_$0x834e648 .net "g2p3", 0, 0, L_0x83560b8;
V_$0x834e698 .net "g3", 0, 0, L_0x8355950;
V_$0x834e720 .net "in1", 3, 0, C<z>, C<z>, C<z>, C<z>;
V_$0x834e830 .net "in2", 3, 0, C<z>, C<z>, C<z>, C<z>;
V_$0x834e968 .net "out", 3, 0, L_0x83562f0, L_0x8355dc8, L_0x8355e48, L_0x83563f0;
V_$0x834eaa8 .net "p", 0, 0, L_0x8356420;
V_$0x834eb40 .net "p0", 0, 0, L_0x83559f0;
V_$0x834eb80 .net "p1", 0, 0, L_0x8355aa0;
V_$0x834eae8 .net "p2", 0, 0, L_0x8355b50;
V_$0x834ec60 .net "p3", 0, 0, L_0x8355c00;
S_0x83112c8 .scope module, "CLA2" "cla4", S_0x830a038;
 .timescale 0;
L_0x83567b0 .functor AND (1), C<z>, C<z>, C<1>, C<1>;
L_0x8356850 .functor AND (1), C<z>, C<z>, C<1>, C<1>;
L_0x83568f0 .functor AND (1), C<z>, C<z>, C<1>, C<1>;
L_0x8356990 .functor AND (1), C<z>, C<z>, C<1>, C<1>;
L_0x8356a30 .functor XOR (1), C<z>, C<z>, C<0>, C<0>;
L_0x8356a60 .functor XOR (1), C<z>, C<z>, C<0>, C<0>;
L_0x8356b10 .functor XOR (1), C<z>, C<z>, C<0>, C<0>;
L_0x8356bc0 .functor XOR (1), C<z>, C<z>, C<0>, C<0>;
L_0x8356c70 .functor AND (1), L_0x8356488, L_0x8356a30, C<1>, C<1>;
L_0x8356ca0 .functor AND (1), L_0x8356488, L_0x8356a30, L_0x8356a60, C<1>;
L_0x8356d40 .functor AND (1), L_0x8356488, L_0x8356a30, L_0x8356a60, L_0x8356b10;
L_0x8356dc0/0/0 .functor AND, L_0x8356488, L_0x8356a30, L_0x8356a60, L_0x8356b10;
L_0x8356dc0/0/4 .functor AND, L_0x8356bc0, C<1>, C<1>, C<1>;
L_0x8356dc0 .functor AND (1), L_0x8356dc0/0/0, L_0x8356dc0/0/4, C<1>, C<1>;
L_0x8356d10 .functor OR (1), L_0x83567b0, L_0x8356c70, C<0>, C<0>;
L_0x8356e48 .functor AND (1), L_0x83567b0, L_0x8356a60, C<1>, C<1>;
L_0x8356ec8 .functor AND (1), L_0x8356850, L_0x8356b10, C<1>, C<1>;
L_0x8356f38 .functor AND (1), L_0x83567b0, L_0x8356a60, L_0x8356b10, C<1>;
L_0x8357000 .functor AND (1), L_0x83568f0, L_0x8356bc0, C<1>, C<1>;
L_0x8357030 .functor AND (1), L_0x8356850, L_0x8356b10, L_0x8356bc0, C<1>;
L_0x83570b8 .functor AND (1), L_0x83567b0, L_0x8356a60, L_0x8356b10, L_0x8356bc0;
L_0x8357060 .functor OR (1), L_0x8356850, L_0x8356e48, L_0x8356ca0, C<0>;
L_0x8356e78 .functor OR (1), L_0x83568f0, L_0x8356ec8, L_0x8356f38, L_0x8356d40;
L_0x8357260/0/0 .functor OR, L_0x8356990, L_0x8357000, L_0x8357030, L_0x83570b8;
L_0x8357260/0/4 .functor OR, L_0x8356dc0, C<0>, C<0>, C<0>;
L_0x8357260 .functor OR (1), L_0x8357260/0/0, L_0x8357260/0/4, C<0>, C<0>;
L_0x8357208 .functor XOR (1), L_0x8356a30, L_0x8356488, C<0>, C<0>;
L_0x8356d70 .functor XOR (1), L_0x8356a60, L_0x8356d10, C<0>, C<0>;
L_0x8356df0 .functor XOR (1), L_0x8356b10, L_0x8357060, C<0>, C<0>;
L_0x8357290 .functor XOR (1), L_0x8356bc0, L_0x8356e78, C<0>, C<0>;
L_0x83572c0 .functor AND (1), L_0x8356bc0, L_0x8356b10, L_0x8356a60, L_0x8356a30;
L_0x8356fa8 .functor OR (1), L_0x8356990, L_0x8357000, L_0x8357030, L_0x83570b8;
V_$0x8311338 .net "c0", 0, 0, L_0x8356488;
V_$0x8312e98 .net "c1", 0, 0, L_0x8356d10;
V_$0x83113c0 .net "c2", 0, 0, L_0x8357060;
V_$0x8311428 .net "c3", 0, 0, L_0x8356e78;
V_$0x8311498 .net "cout", 0, 0, L_0x8357260;
V_$0x830edc0 .net "cp0", 0, 0, L_0x8356c70;
V_$0x830ee28 .net "cp01", 0, 0, L_0x8356ca0;
V_$0x830ee90 .net "cp02", 0, 0, L_0x8356d40;
V_$0x830ef08 .net "cp03", 0, 0, L_0x8356dc0;
V_$0x830ef70 .net "g", 0, 0, L_0x8356fa8;
V_$0x830d340 .net "g0", 0, 0, L_0x83567b0;
V_$0x830d398 .net "g0p1", 0, 0, L_0x8356e48;
V_$0x830d2e8 .net "g0p12", 0, 0, L_0x8356f38;
V_$0x830d430 .net "g0p13", 0, 0, L_0x83570b8;
V_$0x830d3c8 .net "g1", 0, 0, L_0x8356850;
V_$0x830b820 .net "g1p2", 0, 0, L_0x8356ec8;
V_$0x830d470 .net "g1p23", 0, 0, L_0x8357030;
V_$0x830b8f8 .net "g2", 0, 0, L_0x83568f0;
V_$0x830b860 .net "g2p3", 0, 0, L_0x8357000;
V_$0x830b9d8 .net "g3", 0, 0, L_0x8356990;
V_$0x830b928 .net "in1", 3, 0, C<z>, C<z>, C<z>, C<z>;
V_$0x831ede0 .net "in2", 3, 0, C<z>, C<z>, C<z>, C<z>;
V_$0x8309da0 .net "out", 3, 0, L_0x8357208, L_0x8356d70, L_0x8356df0, L_0x8357290;
V_$0x8309ec8 .net "p", 0, 0, L_0x83572c0;
V_$0x831ee38 .net "p0", 0, 0, L_0x8356a30;
V_$0x8308290 .net "p1", 0, 0, L_0x8356a60;
V_$0x8309f30 .net "p2", 0, 0, L_0x8356b10;
V_$0x8308368 .net "p3", 0, 0, L_0x8356bc0;
S_0x83181b8 .scope module, "CLA3" "cla4", S_0x830a038;
 .timescale 0;
L_0x8357660 .functor AND (1), C<z>, C<z>, C<1>, C<1>;
L_0x83576c8 .functor AND (1), C<z>, C<z>, C<1>, C<1>;
L_0x8357768 .functor AND (1), C<z>, C<z>, C<1>, C<1>;
L_0x8357808 .functor AND (1), C<z>, C<z>, C<1>, C<1>;
L_0x83578a8 .functor XOR (1), C<z>, C<z>, C<0>, C<0>;
L_0x8357958 .functor XOR (1), C<z>, C<z>, C<0>, C<0>;
L_0x8357a08 .functor XOR (1), C<z>, C<z>, C<0>, C<0>;
L_0x8357ab8 .functor XOR (1), C<z>, C<z>, C<0>, C<0>;
L_0x8357b68 .functor AND (1), L_0x8356780, L_0x83578a8, C<1>, C<1>;
L_0x8357b98 .functor AND (1), L_0x8356780, L_0x83578a8, L_0x8357958, C<1>;
L_0x8357c38 .functor AND (1), L_0x8356780, L_0x83578a8, L_0x8357958, L_0x8357a08;
L_0x8357cb8/0/0 .functor AND, L_0x8356780, L_0x83578a8, L_0x8357958, L_0x8357a08;
L_0x8357cb8/0/4 .functor AND, L_0x8357ab8, C<1>, C<1>, C<1>;
L_0x8357cb8 .functor AND (1), L_0x8357cb8/0/0, L_0x8357cb8/0/4, C<1>, C<1>;
L_0x8357c08 .functor OR (1), L_0x8357660, L_0x8357b68, C<0>, C<0>;
L_0x8357d40 .functor AND (1), L_0x8357660, L_0x8357958, C<1>, C<1>;
L_0x8357dc0 .functor AND (1), L_0x83576c8, L_0x8357a08, C<1>, C<1>;
L_0x8357e30 .functor AND (1), L_0x8357660, L_0x8357958, L_0x8357a08, C<1>;
L_0x8357f10 .functor AND (1), L_0x8357768, L_0x8357ab8, C<1>, C<1>;
L_0x8357f40 .functor AND (1), L_0x83576c8, L_0x8357a08, L_0x8357ab8, C<1>;
L_0x8357fe0 .functor AND (1), L_0x8357660, L_0x8357958, L_0x8357a08, L_0x8357ab8;
L_0x8357f88 .functor OR (1), L_0x83576c8, L_0x8357d40, L_0x8357b98, C<0>;
L_0x8357d70 .functor OR (1), L_0x8357768, L_0x8357dc0, L_0x8357e30, L_0x8357c38;
L_0x83581a0/0/0 .functor OR, L_0x8357808, L_0x8357f10, L_0x8357f40, L_0x8357fe0;
L_0x83581a0/0/4 .functor OR, L_0x8357cb8, C<0>, C<0>, C<0>;
L_0x83581a0 .functor OR (1), L_0x83581a0/0/0, L_0x83581a0/0/4, C<0>, C<0>;
L_0x8358148 .functor XOR (1), L_0x83578a8, L_0x8356780, C<0>, C<0>;
L_0x8357c68 .functor XOR (1), L_0x8357958, L_0x8357c08, C<0>, C<0>;
L_0x8357ce8 .functor XOR (1), L_0x8357a08, L_0x8357f88, C<0>, C<0>;
L_0x83581d0 .functor XOR (1), L_0x8357ab8, L_0x8357d70, C<0>, C<0>;
L_0x8358200 .functor AND (1), L_0x8357ab8, L_0x8357a08, L_0x8357958, L_0x83578a8;
L_0x8357eb8 .functor OR (1), L_0x8357808, L_0x8357f10, L_0x8357f40, L_0x8357fe0;
V_$0x8316748 .net "c0", 0, 0, L_0x8356780;
V_$0x8319218 .net "c1", 0, 0, L_0x8357c08;
V_$0x8319280 .net "c2", 0, 0, L_0x8357f88;
V_$0x83192e8 .net "c3", 0, 0, L_0x8357d70;
V_$0x8319358 .net "cout", 0, 0, L_0x83581a0;
V_$0x83376b8 .net "cp0", 0, 0, L_0x8357b68;
V_$0x8337720 .net "cp01", 0, 0, L_0x8357b98;
V_$0x8337788 .net "cp02", 0, 0, L_0x8357c38;
V_$0x8337800 .net "cp03", 0, 0, L_0x8357cb8;
V_$0x8317e20 .net "g", 0, 0, L_0x8357eb8;
V_$0x8317ea8 .net "g0", 0, 0, L_0x8357660;
V_$0x8317ef8 .net "g0p1", 0, 0, L_0x8357d40;
V_$0x8317f88 .net "g0p12", 0, 0, L_0x8357e30;
V_$0x8317fe0 .net "g0p13", 0, 0, L_0x8357fe0;
V_$0x8317f28 .net "g1", 0, 0, L_0x83576c8;
V_$0x83163c0 .net "g1p2", 0, 0, L_0x8357dc0;
V_$0x8316358 .net "g1p23", 0, 0, L_0x8357f40;
V_$0x8316498 .net "g2", 0, 0, L_0x8357768;
V_$0x83163f0 .net "g2p3", 0, 0, L_0x8357f10;
V_$0x8314880 .net "g3", 0, 0, L_0x8357808;
V_$0x8314908 .net "in1", 3, 0, C<z>, C<z>, C<z>, C<z>;
V_$0x8314a18 .net "in2", 3, 0, C<z>, C<z>, C<z>, C<z>;
V_$0x831d288 .net "out", 3, 0, L_0x8358148, L_0x8357c68, L_0x8357ce8, L_0x83581d0;
V_$0x831d3b0 .net "p", 0, 0, L_0x8358200;
V_$0x831d1f0 .net "p0", 0, 0, L_0x83578a8;
V_$0x8312e40 .net "p1", 0, 0, L_0x8357958;
V_$0x8312df0 .net "p2", 0, 0, L_0x8357a08;
V_$0x8312f18 .net "p3", 0, 0, L_0x8357ab8;
S_0x830bb00 .scope module, "CLA4" "cla4", S_0x830a038;
 .timescale 0;
L_0x83586f0 .functor AND (1), C<z>, C<z>, C<1>, C<1>;
L_0x8358790 .functor AND (1), C<z>, C<z>, C<1>, C<1>;
L_0x8358830 .functor AND (1), C<z>, C<z>, C<1>, C<1>;
L_0x83588d0 .functor AND (1), C<z>, C<z>, C<1>, C<1>;
L_0x8358970 .functor XOR (1), C<z>, C<z>, C<0>, C<0>;
L_0x83589a0 .functor XOR (1), C<z>, C<z>, C<0>, C<0>;
L_0x83589d0 .functor XOR (1), C<z>, C<z>, C<0>, C<0>;
L_0x8358a40 .functor XOR (1), C<z>, C<z>, C<0>, C<0>;
L_0x8358af0 .functor AND (1), L_0x83586c0, L_0x8358970, C<1>, C<1>;
L_0x8358b20 .functor AND (1), L_0x83586c0, L_0x8358970, L_0x83589a0, C<1>;
L_0x8358bc0 .functor AND (1), L_0x83586c0, L_0x8358970, L_0x83589a0, L_0x83589d0;
L_0x8358c58/0/0 .functor AND, L_0x83586c0, L_0x8358970, L_0x83589a0, L_0x83589d0;
L_0x8358c58/0/4 .functor AND, L_0x8358a40, C<1>, C<1>, C<1>;
L_0x8358c58 .functor AND (1), L_0x8358c58/0/0, L_0x8358c58/0/4, C<1>, C<1>;
L_0x8358b90 .functor OR (1), L_0x83586f0, L_0x8358af0, C<0>, C<0>;
L_0x8358ce0 .functor AND (1), L_0x83586f0, L_0x83589a0, C<1>, C<1>;
L_0x8358d60 .functor AND (1), L_0x8358790, L_0x83589d0, C<1>, C<1>;
L_0x8358dd0 .functor AND (1), L_0x83586f0, L_0x83589a0, L_0x83589d0, C<1>;
L_0x8358eb0 .functor AND (1), L_0x8358830, L_0x8358a40, C<1>, C<1>;
L_0x8358ee0 .functor AND (1), L_0x8358790, L_0x83589d0, L_0x8358a40, C<1>;
L_0x8358f80 .functor AND (1), L_0x83586f0, L_0x83589a0, L_0x83589d0, L_0x8358a40;
L_0x8358f28 .functor OR (1), L_0x8358790, L_0x8358ce0, L_0x8358b20, C<0>;
L_0x8358d10 .functor OR (1), L_0x8358830, L_0x8358d60, L_0x8358dd0, L_0x8358bc0;
L_0x8359140/0/0 .functor OR, L_0x83588d0, L_0x8358eb0, L_0x8358ee0, L_0x8358f80;
L_0x8359140/0/4 .functor OR, L_0x8358c58, C<0>, C<0>, C<0>;
L_0x8359140 .functor OR (1), L_0x8359140/0/0, L_0x8359140/0/4, C<0>, C<0>;
L_0x83590e8 .functor XOR (1), L_0x8358970, L_0x83586c0, C<0>, C<0>;
L_0x8358c08 .functor XOR (1), L_0x83589a0, L_0x8358b90, C<0>, C<0>;
L_0x8358c88 .functor XOR (1), L_0x83589d0, L_0x8358f28, C<0>, C<0>;
L_0x8359198 .functor XOR (1), L_0x8358a40, L_0x8358d10, C<0>, C<0>;
L_0x83591c8 .functor AND (1), L_0x8358a40, L_0x83589d0, L_0x83589a0, L_0x8358970;
L_0x8358e58 .functor OR (1), L_0x83588d0, L_0x8358eb0, L_0x8358ee0, L_0x8358f80;
V_$0x830bb70 .net "c0", 0, 0, L_0x83586c0;
V_$0x830a160 .net "c1", 0, 0, L_0x8358b90;
V_$0x830bba0 .net "c2", 0, 0, L_0x8358f28;
V_$0x830bbd0 .net "c3", 0, 0, L_0x8358d10;
V_$0x830bc00 .net "cout", 0, 0, L_0x8359140;
V_$0x830bc30 .net "cp0", 0, 0, L_0x8358af0;
V_$0x830d5e8 .net "cp01", 0, 0, L_0x8358b20;
V_$0x830d630 .net "cp02", 0, 0, L_0x8358bc0;
V_$0x830d688 .net "cp03", 0, 0, L_0x8358c58;
V_$0x830d6d0 .net "g", 0, 0, L_0x8358e58;
V_$0x830f0a8 .net "g0", 0, 0, L_0x83586f0;
V_$0x830f0f0 .net "g0p1", 0, 0, L_0x8358ce0;
V_$0x830f138 .net "g0p12", 0, 0, L_0x8358dd0;
V_$0x830f180 .net "g0p13", 0, 0, L_0x8358f80;
V_$0x830d700 .net "g1", 0, 0, L_0x8358790;
V_$0x83115c0 .net "g1p2", 0, 0, L_0x8358d60;
V_$0x8311608 .net "g1p23", 0, 0, L_0x8358ee0;
V_$0x8311650 .net "g2", 0, 0, L_0x8358830;
V_$0x8311698 .net "g2p3", 0, 0, L_0x8358eb0;
V_$0x83116e0 .net "g3", 0, 0, L_0x83588d0;
V_$0x830f1c8 .net "in1", 3, 0, C<z>, C<z>, C<z>, C<z>;
V_$0x8313168 .net "in2", 3, 0, C<z>, C<z>, C<z>, C<z>;
V_$0x8314b90 .net "out", 3, 0, L_0x83590e8, L_0x8358c08, L_0x8358c88, L_0x8359198;
V_$0x8316628 .net "p", 0, 0, L_0x83591c8;
V_$0x83131a8 .net "p0", 0, 0, L_0x8358970;
V_$0x83166e0 .net "p1", 0, 0, L_0x83589a0;
V_$0x8316678 .net "p2", 0, 0, L_0x83589d0;
V_$0x8318110 .net "p3", 0, 0, L_0x8358a40;
S_0x833d158 .scope module, "HierarchialCla2" "hierarchial_cla_16", S_0x8305930;
 .timescale 0;
L_0x835a380 .functor AND (1), L_0x8358618, L_0x835a108, C<1>, C<1>;
L_0x835a3b0 .functor OR (1), L_0x8359ef0, L_0x835a380, C<0>, C<0>;
L_0x835b1f8 .functor AND (1), L_0x8359ef0, L_0x835b088, C<1>, C<1>;
L_0x835b228 .functor AND (1), L_0x8358618, L_0x835a108, L_0x835b088, C<1>;
L_0x835a5a8 .functor OR (1), L_0x835ad40, L_0x835b1f8, L_0x835b228, C<0>;
L_0x835bf00 .functor AND (1), L_0x8358618, L_0x835a108, L_0x835b088, L_0x835c010;
L_0x835c3d0 .functor AND (1), L_0x835ad40, L_0x835c010, C<1>, C<1>;
L_0x835c400 .functor AND (1), L_0x8359ef0, L_0x835b088, L_0x835c010, C<1>;
L_0x835c4d8 .functor OR (1), L_0x835bcc8, L_0x835c3d0, L_0x835c400, L_0x835bf00;
L_0x835cee8/0/0 .functor AND, L_0x8358618, L_0x835a108, L_0x835b088, L_0x835c010;
L_0x835cee8/0/4 .functor AND, L_0x835d020, C<1>, C<1>, C<1>;
L_0x835cee8 .functor AND (1), L_0x835cee8/0/0, L_0x835cee8/0/4, C<1>, C<1>;
L_0x835d190 .functor AND (1), L_0x835bcc8, L_0x835d020, C<1>, C<1>;
L_0x835d1c0 .functor AND (1), L_0x835ad40, L_0x835c010, L_0x835d020, C<1>;
L_0x835d4a8 .functor AND (1), L_0x8359ef0, L_0x835b088, L_0x835c010, L_0x835d020;
L_0x835c430/0/0 .functor OR, L_0x835ccb0, L_0x835d190, L_0x835d1c0, L_0x835d4a8;
L_0x835c430/0/4 .functor OR, L_0x835cee8, C<0>, C<0>, C<0>;
L_0x835c430 .functor OR (1), L_0x835c430/0/0, L_0x835c430/0/4, C<0>, C<0>;
V_$0x833c3a0 .net "c0", 0, 0, L_0x8358618;
V_$0x8338208 .net "c12", 0, 0, L_0x835c4d8;
V_$0x8335830 .net "c4", 0, 0, L_0x835a3b0;
V_$0x8335880 .net "c8", 0, 0, L_0x835a5a8;
V_$0x83358e8 .net "cout", 0, 0, L_0x835c430;
V_$0x8300130 .net "cout0", 0, 0, L_0x835a1c0;
V_$0x83001a0 .net "cout1", 0, 0, L_0x835b028;
V_$0x83001f0 .net "cout2", 0, 0, L_0x835bfb0;
V_$0x82f6d68 .net "cp0", 0, 0, L_0x835a380;
V_$0x82f6d98 .net "cp01", 0, 0, L_0x835b228;
V_$0x82f6df8 .net "cp02", 0, 0, L_0x835bf00;
V_$0x82f6e28 .net "cp03", 0, 0, L_0x835cee8;
V_$0x82fbd58 .net "g0", 0, 0, L_0x8359ef0;
V_$0x82fbda8 .net "g0p1", 0, 0, L_0x835b1f8;
V_$0x82fbdd8 .net "g0p12", 0, 0, L_0x835c400;
V_$0x82fbe40 .net "g0p13", 0, 0, L_0x835d4a8;
V_$0x82f6e68 .net "g1", 0, 0, L_0x835ad40;
V_$0x8301060 .net "g1p2", 0, 0, L_0x835c3d0;
V_$0x8300fe8 .net "g1p23", 0, 0, L_0x835d1c0;
V_$0x83196d8 .net "g2", 0, 0, L_0x835bcc8;
V_$0x83010b0 .net "g2p3", 0, 0, L_0x835d190;
V_$0x8319788 .net "g3", 0, 0, L_0x835ccb0;
V_$0x8319728 .net "in1", 15, 0, C<z>, C<z>, C<z>, C<z>, C<z>, C<z>, C<z>, C<z>, C<z>, C<z>, C<z>, C<z>, C<z>, C<z>, C<z>, C<z>;
V_$0x831d590 .net "in2", 15, 0, C<z>, C<z>, C<z>, C<z>, C<z>, C<z>, C<z>, C<z>, C<z>, C<z>, C<z>, C<z>, C<z>, C<z>, C<z>, C<z>;
V_$0x8320ae0 .net "out", 15, 0, L_0x835a168, L_0x835a2d0, L_0x835a218, L_0x835a248, L_0x835afd0, L_0x835ab08, L_0x835ab88, L_0x835b058, L_0x835bf58, L_0x835ba90, L_0x835bb10, L_0x835bfe0, L_0x835cf40, L_0x835ca60, L_0x835cae0, L_0x835cff0;
V_$0x83085a8 .net "p0", 0, 0, L_0x835a108;
V_$0x831ef98 .net "p1", 0, 0, L_0x835b088;
V_$0x8308668 .net "p2", 0, 0, L_0x835c010;
V_$0x83085d8 .net "p3", 0, 0, L_0x835d020;
V_$0x830a0b0 .net "cout3", 0, 0, L_0x835cf98;
S_0x8339880 .scope module, "CLA1" "cla4", S_0x833d158;
 .timescale 0;
L_0x8358520 .functor AND (1), C<z>, C<z>, C<1>, C<1>;
L_0x8359600 .functor AND (1), C<z>, C<z>, C<1>, C<1>;
L_0x83597d8 .functor AND (1), C<z>, C<z>, C<1>, C<1>;
L_0x8359878 .functor AND (1), C<z>, C<z>, C<1>, C<1>;
L_0x8359918 .functor XOR (1), C<z>, C<z>, C<0>, C<0>;
L_0x8359988 .functor XOR (1), C<z>, C<z>, C<0>, C<0>;
L_0x8359a38 .functor XOR (1), C<z>, C<z>, C<0>, C<0>;
L_0x8359ae8 .functor XOR (1), C<z>, C<z>, C<0>, C<0>;
L_0x8359b98 .functor AND (1), L_0x8358618, L_0x8359918, C<1>, C<1>;
L_0x8359c18 .functor AND (1), L_0x8358618, L_0x8359918, L_0x8359988, C<1>;
L_0x8359ca0 .functor AND (1), L_0x8358618, L_0x8359918, L_0x8359988, L_0x8359a38;
L_0x8359c48/0/0 .functor AND, L_0x8358618, L_0x8359918, L_0x8359988, L_0x8359a38;
L_0x8359c48/0/4 .functor AND, L_0x8359ae8, C<1>, C<1>, C<1>;
L_0x8359c48 .functor AND (1), L_0x8359c48/0/0, L_0x8359c48/0/4, C<1>, C<1>;
L_0x8359bc8 .functor OR (1), L_0x8358520, L_0x8359b98, C<0>, C<0>;
L_0x8359d90 .functor AND (1), L_0x8358520, L_0x8359988, C<1>, C<1>;
L_0x8359e10 .functor AND (1), L_0x8359600, L_0x8359a38, C<1>, C<1>;
L_0x8359e80 .functor AND (1), L_0x8358520, L_0x8359988, L_0x8359a38, C<1>;
L_0x8359f48 .functor AND (1), L_0x83597d8, L_0x8359ae8, C<1>, C<1>;
L_0x8359f78 .functor AND (1), L_0x8359600, L_0x8359a38, L_0x8359ae8, C<1>;
L_0x835a000 .functor AND (1), L_0x8358520, L_0x8359988, L_0x8359a38, L_0x8359ae8;
L_0x8359fa8 .functor OR (1), L_0x8359600, L_0x8359d90, L_0x8359c18, C<0>;
L_0x8359dc0 .functor OR (1), L_0x83597d8, L_0x8359e10, L_0x8359e80, L_0x8359ca0;
L_0x835a1c0/0/0 .functor OR, L_0x8359878, L_0x8359f48, L_0x8359f78, L_0x835a000;
L_0x835a1c0/0/4 .functor OR, L_0x8359c48, C<0>, C<0>, C<0>;
L_0x835a1c0 .functor OR (1), L_0x835a1c0/0/0, L_0x835a1c0/0/4, C<0>, C<0>;
L_0x835a168 .functor XOR (1), L_0x8359918, L_0x8358618, C<0>, C<0>;
L_0x835a2d0 .functor XOR (1), L_0x8359988, L_0x8359bc8, C<0>, C<0>;
L_0x835a218 .functor XOR (1), L_0x8359a38, L_0x8359fa8, C<0>, C<0>;
L_0x835a248 .functor XOR (1), L_0x8359ae8, L_0x8359dc0, C<0>, C<0>;
L_0x835a108 .functor AND (1), L_0x8359ae8, L_0x8359a38, L_0x8359988, L_0x8359918;
L_0x8359ef0 .functor OR (1), L_0x8359878, L_0x8359f48, L_0x8359f78, L_0x835a000;
V_$0x833b2b8 .net "c0", 0, 0, L_0x8358618;
V_$0x833b320 .net "c1", 0, 0, L_0x8359bc8;
V_$0x833bb50 .net "c2", 0, 0, L_0x8359fa8;
V_$0x833bba0 .net "c3", 0, 0, L_0x8359dc0;
V_$0x833b978 .net "cout", 0, 0, L_0x835a1c0;
V_$0x833b9b8 .net "cp0", 0, 0, L_0x8359b98;
V_$0x833ba28 .net "cp01", 0, 0, L_0x8359c18;
V_$0x833bfa0 .net "cp02", 0, 0, L_0x8359ca0;
V_$0x833c018 .net "cp03", 0, 0, L_0x8359c48;
V_$0x833d4b0 .net "g", 0, 0, L_0x8359ef0;
V_$0x833d6d8 .net "g0", 0, 0, L_0x8358520;
V_$0x833d718 .net "g0p1", 0, 0, L_0x8359d90;
V_$0x833d4e0 .net "g0p12", 0, 0, L_0x8359e80;
V_$0x833df38 .net "g0p13", 0, 0, L_0x835a000;
V_$0x833d748 .net "g1", 0, 0, L_0x8359600;
V_$0x8336528 .net "g1p2", 0, 0, L_0x8359e10;
V_$0x833df78 .net "g1p23", 0, 0, L_0x8359f78;
V_$0x8337010 .net "g2", 0, 0, L_0x83597d8;
V_$0x8336568 .net "g2p3", 0, 0, L_0x8359f48;
V_$0x83370d8 .net "g3", 0, 0, L_0x8359878;
V_$0x8337060 .net "in1", 3, 0, C<z>, C<z>, C<z>, C<z>;
V_$0x833b448 .net "in2", 3, 0, C<z>, C<z>, C<z>, C<z>;
V_$0x833d890 .net "out", 3, 0, L_0x835a168, L_0x835a2d0, L_0x835a218, L_0x835a248;
V_$0x833db00 .net "p", 0, 0, L_0x835a108;
V_$0x833b478 .net "p0", 0, 0, L_0x8359918;
V_$0x83381c8 .net "p1", 0, 0, L_0x8359988;
V_$0x8338170 .net "p2", 0, 0, L_0x8359a38;
V_$0x833c2c0 .net "p3", 0, 0, L_0x8359ae8;
S_0x831bbe8 .scope module, "CLA2" "cla4", S_0x833d158;
 .timescale 0;
L_0x8359cd0 .functor AND (1), C<z>, C<z>, C<1>, C<1>;
L_0x835a668 .functor AND (1), C<z>, C<z>, C<1>, C<1>;
L_0x835a708 .functor AND (1), C<z>, C<z>, C<1>, C<1>;
L_0x835a7a8 .functor AND (1), C<z>, C<z>, C<1>, C<1>;
L_0x835a848 .functor XOR (1), C<z>, C<z>, C<0>, C<0>;
L_0x835a878 .functor XOR (1), C<z>, C<z>, C<0>, C<0>;
L_0x835a8a8 .functor XOR (1), C<z>, C<z>, C<0>, C<0>;
L_0x835a958 .functor XOR (1), C<z>, C<z>, C<0>, C<0>;
L_0x835aa08 .functor AND (1), L_0x835a3b0, L_0x835a848, C<1>, C<1>;
L_0x835aa38 .functor AND (1), L_0x835a3b0, L_0x835a848, L_0x835a878, C<1>;
L_0x835aad8 .functor AND (1), L_0x835a3b0, L_0x835a848, L_0x835a878, L_0x835a8a8;
L_0x835ab58/0/0 .functor AND, L_0x835a3b0, L_0x835a848, L_0x835a878, L_0x835a8a8;
L_0x835ab58/0/4 .functor AND, L_0x835a958, C<1>, C<1>, C<1>;
L_0x835ab58 .functor AND (1), L_0x835ab58/0/0, L_0x835ab58/0/4, C<1>, C<1>;
L_0x835aaa8 .functor OR (1), L_0x8359cd0, L_0x835aa08, C<0>, C<0>;
L_0x835abe0 .functor AND (1), L_0x8359cd0, L_0x835a878, C<1>, C<1>;
L_0x835ac60 .functor AND (1), L_0x835a668, L_0x835a8a8, C<1>, C<1>;
L_0x835acd0 .functor AND (1), L_0x8359cd0, L_0x835a878, L_0x835a8a8, C<1>;
L_0x835ad98 .functor AND (1), L_0x835a708, L_0x835a958, C<1>, C<1>;
L_0x835adc8 .functor AND (1), L_0x835a668, L_0x835a8a8, L_0x835a958, C<1>;
L_0x835ae68 .functor AND (1), L_0x8359cd0, L_0x835a878, L_0x835a8a8, L_0x835a958;
L_0x835ae10 .functor OR (1), L_0x835a668, L_0x835abe0, L_0x835aa38, C<0>;
L_0x835ac10 .functor OR (1), L_0x835a708, L_0x835ac60, L_0x835acd0, L_0x835aad8;
L_0x835b028/0/0 .functor OR, L_0x835a7a8, L_0x835ad98, L_0x835adc8, L_0x835ae68;
L_0x835b028/0/4 .functor OR, L_0x835ab58, C<0>, C<0>, C<0>;
L_0x835b028 .functor OR (1), L_0x835b028/0/0, L_0x835b028/0/4, C<0>, C<0>;
L_0x835afd0 .functor XOR (1), L_0x835a848, L_0x835a3b0, C<0>, C<0>;
L_0x835ab08 .functor XOR (1), L_0x835a878, L_0x835aaa8, C<0>, C<0>;
L_0x835ab88 .functor XOR (1), L_0x835a8a8, L_0x835ae10, C<0>, C<0>;
L_0x835b058 .functor XOR (1), L_0x835a958, L_0x835ac10, C<0>, C<0>;
L_0x835b088 .functor AND (1), L_0x835a958, L_0x835a8a8, L_0x835a878, L_0x835a848;
L_0x835ad40 .functor OR (1), L_0x835a7a8, L_0x835ad98, L_0x835adc8, L_0x835ae68;
V_$0x831f1a0 .net "c0", 0, 0, L_0x835a3b0;
V_$0x831f200 .net "c1", 0, 0, L_0x835aaa8;
V_$0x8320c78 .net "c2", 0, 0, L_0x835ae10;
V_$0x8320ce0 .net "c3", 0, 0, L_0x835ac10;
V_$0x8322760 .net "cout", 0, 0, L_0x835b028;
V_$0x8308770 .net "cp0", 0, 0, L_0x835aa08;
V_$0x83087c0 .net "cp01", 0, 0, L_0x835aa38;
V_$0x830a260 .net "cp02", 0, 0, L_0x835aad8;
V_$0x830a2e0 .net "cp03", 0, 0, L_0x835ab58;
V_$0x830bd50 .net "g", 0, 0, L_0x835ad40;
V_$0x830d7f0 .net "g0", 0, 0, L_0x8359cd0;
V_$0x830d840 .net "g0p1", 0, 0, L_0x835abe0;
V_$0x830f2e0 .net "g0p12", 0, 0, L_0x835acd0;
V_$0x830f338 .net "g0p13", 0, 0, L_0x835ae68;
V_$0x8311828 .net "g1", 0, 0, L_0x835a668;
V_$0x83132c0 .net "g1p2", 0, 0, L_0x835ac60;
V_$0x83117d0 .net "g1p23", 0, 0, L_0x835adc8;
V_$0x8314d98 .net "g2", 0, 0, L_0x835a708;
V_$0x8313300 .net "g2p3", 0, 0, L_0x835ad98;
V_$0x8316888 .net "g3", 0, 0, L_0x835a7a8;
V_$0x8314dc8 .net "in1", 3, 0, C<z>, C<z>, C<z>, C<z>;
V_$0x8306300 .net "in2", 3, 0, C<z>, C<z>, C<z>, C<z>;
V_$0x8336f78 .net "out", 3, 0, L_0x835afd0, L_0x835ab08, L_0x835ab88, L_0x835b058;
V_$0x8339010 .net "p", 0, 0, L_0x835b088;
V_$0x8336ec8 .net "p0", 0, 0, L_0x835a848;
V_$0x8339850 .net "p1", 0, 0, L_0x835a878;
V_$0x8339040 .net "p2", 0, 0, L_0x835a8a8;
V_$0x833b058 .net "p3", 0, 0, L_0x835a958;
S_0x833e350 .scope module, "CLA3" "cla4", S_0x833d158;
 .timescale 0;
L_0x835a5d8 .functor AND (1), C<z>, C<z>, C<1>, C<1>;
L_0x835b4f0 .functor AND (1), C<z>, C<z>, C<1>, C<1>;
L_0x835b590 .functor AND (1), C<z>, C<z>, C<1>, C<1>;
L_0x835b630 .functor AND (1), C<z>, C<z>, C<1>, C<1>;
L_0x835b6d0 .functor XOR (1), C<z>, C<z>, C<0>, C<0>;
L_0x835b780 .functor XOR (1), C<z>, C<z>, C<0>, C<0>;
L_0x835b830 .functor XOR (1), C<z>, C<z>, C<0>, C<0>;
L_0x835b8e0 .functor XOR (1), C<z>, C<z>, C<0>, C<0>;
L_0x835b990 .functor AND (1), L_0x835a5a8, L_0x835b6d0, C<1>, C<1>;
L_0x835b9c0 .functor AND (1), L_0x835a5a8, L_0x835b6d0, L_0x835b780, C<1>;
L_0x835ba60 .functor AND (1), L_0x835a5a8, L_0x835b6d0, L_0x835b780, L_0x835b830;
L_0x835bae0/0/0 .functor AND, L_0x835a5a8, L_0x835b6d0, L_0x835b780, L_0x835b830;
L_0x835bae0/0/4 .functor AND, L_0x835b8e0, C<1>, C<1>, C<1>;
L_0x835bae0 .functor AND (1), L_0x835bae0/0/0, L_0x835bae0/0/4, C<1>, C<1>;
L_0x835ba30 .functor OR (1), L_0x835a5d8, L_0x835b990, C<0>, C<0>;
L_0x835bb68 .functor AND (1), L_0x835a5d8, L_0x835b780, C<1>, C<1>;
L_0x835bbe8 .functor AND (1), L_0x835b4f0, L_0x835b830, C<1>, C<1>;
L_0x835bc58 .functor AND (1), L_0x835a5d8, L_0x835b780, L_0x835b830, C<1>;
L_0x835bd20 .functor AND (1), L_0x835b590, L_0x835b8e0, C<1>, C<1>;
L_0x835bd50 .functor AND (1), L_0x835b4f0, L_0x835b830, L_0x835b8e0, C<1>;
L_0x835bdf0 .functor AND (1), L_0x835a5d8, L_0x835b780, L_0x835b830, L_0x835b8e0;
L_0x835bd98 .functor OR (1), L_0x835b4f0, L_0x835bb68, L_0x835b9c0, C<0>;
L_0x835bb98 .functor OR (1), L_0x835b590, L_0x835bbe8, L_0x835bc58, L_0x835ba60;
L_0x835bfb0/0/0 .functor OR, L_0x835b630, L_0x835bd20, L_0x835bd50, L_0x835bdf0;
L_0x835bfb0/0/4 .functor OR, L_0x835bae0, C<0>, C<0>, C<0>;
L_0x835bfb0 .functor OR (1), L_0x835bfb0/0/0, L_0x835bfb0/0/4, C<0>, C<0>;
L_0x835bf58 .functor XOR (1), L_0x835b6d0, L_0x835a5a8, C<0>, C<0>;
L_0x835ba90 .functor XOR (1), L_0x835b780, L_0x835ba30, C<0>, C<0>;
L_0x835bb10 .functor XOR (1), L_0x835b830, L_0x835bd98, C<0>, C<0>;
L_0x835bfe0 .functor XOR (1), L_0x835b8e0, L_0x835bb98, C<0>, C<0>;
L_0x835c010 .functor AND (1), L_0x835b8e0, L_0x835b830, L_0x835b780, L_0x835b6d0;
L_0x835bcc8 .functor OR (1), L_0x835b630, L_0x835bd20, L_0x835bd50, L_0x835bdf0;
V_$0x831ac48 .net "c0", 0, 0, L_0x835a5a8;
V_$0x82fca38 .net "c1", 0, 0, L_0x835ba30;
V_$0x82fcee8 .net "c2", 0, 0, L_0x835bd98;
V_$0x82fcf98 .net "c3", 0, 0, L_0x835bb98;
V_$0x82fd048 .net "cout", 0, 0, L_0x835bfb0;
V_$0x82fcb98 .net "cp0", 0, 0, L_0x835b990;
V_$0x82fd0f8 .net "cp01", 0, 0, L_0x835b9c0;
V_$0x82fd1a8 .net "cp02", 0, 0, L_0x835ba60;
V_$0x82fd258 .net "cp03", 0, 0, L_0x835bae0;
V_$0x82fce58 .net "g", 0, 0, L_0x835bcc8;
V_$0x82f7c90 .net "g0", 0, 0, L_0x835a5d8;
V_$0x82f7df0 .net "g0p1", 0, 0, L_0x835bb68;
V_$0x82f92b8 .net "g0p12", 0, 0, L_0x835bc58;
V_$0x82f9418 .net "g0p13", 0, 0, L_0x835bdf0;
V_$0x82f7390 .net "g1", 0, 0, L_0x835b4f0;
V_$0x82fa238 .net "g1p2", 0, 0, L_0x835bbe8;
V_$0x82f9f78 .net "g1p23", 0, 0, L_0x835bd50;
V_$0x82f7880 .net "g2", 0, 0, L_0x835b590;
V_$0x82f7930 .net "g2p3", 0, 0, L_0x835bd20;
V_$0x82f7420 .net "g3", 0, 0, L_0x835b630;
V_$0x82f8f68 .net "in1", 3, 0, C<z>, C<z>, C<z>, C<z>;
V_$0x82f9228 .net "in2", 3, 0, C<z>, C<z>, C<z>, C<z>;
V_$0x8335c38 .net "out", 3, 0, L_0x835bf58, L_0x835ba90, L_0x835bb10, L_0x835bfe0;
V_$0x83059b0 .net "p", 0, 0, L_0x835c010;
V_$0x833d3d0 .net "p0", 0, 0, L_0x835b6d0;
V_$0x833afc0 .net "p1", 0, 0, L_0x835b780;
V_$0x831bc58 .net "p2", 0, 0, L_0x835b830;
V_$0x83345e0 .net "p3", 0, 0, L_0x835b8e0;
S_0x833d360 .scope module, "CLA4" "cla4", S_0x833d158;
 .timescale 0;
L_0x835c508 .functor AND (1), C<z>, C<z>, C<1>, C<1>;
L_0x835c5a8 .functor AND (1), C<z>, C<z>, C<1>, C<1>;
L_0x835c648 .functor AND (1), C<z>, C<z>, C<1>, C<1>;
L_0x835c6e8 .functor AND (1), C<z>, C<z>, C<1>, C<1>;
L_0x835c788 .functor XOR (1), C<z>, C<z>, C<0>, C<0>;
L_0x835c7b8 .functor XOR (1), C<z>, C<z>, C<0>, C<0>;
L_0x835c7e8 .functor XOR (1), C<z>, C<z>, C<0>, C<0>;
L_0x835c898 .functor XOR (1), C<z>, C<z>, C<0>, C<0>;
L_0x835c948 .functor AND (1), L_0x835c4d8, L_0x835c788, C<1>, C<1>;
L_0x835c978 .functor AND (1), L_0x835c4d8, L_0x835c788, L_0x835c7b8, C<1>;
L_0x835ca18 .functor AND (1), L_0x835c4d8, L_0x835c788, L_0x835c7b8, L_0x835c7e8;
L_0x835cab0/0/0 .functor AND, L_0x835c4d8, L_0x835c788, L_0x835c7b8, L_0x835c7e8;
L_0x835cab0/0/4 .functor AND, L_0x835c898, C<1>, C<1>, C<1>;
L_0x835cab0 .functor AND (1), L_0x835cab0/0/0, L_0x835cab0/0/4, C<1>, C<1>;
L_0x835c9e8 .functor OR (1), L_0x835c508, L_0x835c948, C<0>, C<0>;
L_0x835cb38 .functor AND (1), L_0x835c508, L_0x835c7b8, C<1>, C<1>;
L_0x835cbb8 .functor AND (1), L_0x835c5a8, L_0x835c7e8, C<1>, C<1>;
L_0x835cc28 .functor AND (1), L_0x835c508, L_0x835c7b8, L_0x835c7e8, C<1>;
L_0x835cd08 .functor AND (1), L_0x835c648, L_0x835c898, C<1>, C<1>;
L_0x835cd38 .functor AND (1), L_0x835c5a8, L_0x835c7e8, L_0x835c898, C<1>;
L_0x835cdd8 .functor AND (1), L_0x835c508, L_0x835c7b8, L_0x835c7e8, L_0x835c898;
L_0x835cd80 .functor OR (1), L_0x835c5a8, L_0x835cb38, L_0x835c978, C<0>;
L_0x835cb68 .functor OR (1), L_0x835c648, L_0x835cbb8, L_0x835cc28, L_0x835ca18;
L_0x835cf98/0/0 .functor OR, L_0x835c6e8, L_0x835cd08, L_0x835cd38, L_0x835cdd8;
L_0x835cf98/0/4 .functor OR, L_0x835cab0, C<0>, C<0>, C<0>;
L_0x835cf98 .functor OR (1), L_0x835cf98/0/0, L_0x835cf98/0/4, C<0>, C<0>;
L_0x835cf40 .functor XOR (1), L_0x835c788, L_0x835c4d8, C<0>, C<0>;
L_0x835ca60 .functor XOR (1), L_0x835c7b8, L_0x835c9e8, C<0>, C<0>;
L_0x835cae0 .functor XOR (1), L_0x835c7e8, L_0x835cd80, C<0>, C<0>;
L_0x835cff0 .functor XOR (1), L_0x835c898, L_0x835cb68, C<0>, C<0>;
L_0x835d020 .functor AND (1), L_0x835c898, L_0x835c7e8, L_0x835c7b8, L_0x835c788;
L_0x835ccb0 .functor OR (1), L_0x835c6e8, L_0x835cd08, L_0x835cd38, L_0x835cdd8;
V_$0x8335a60 .net "c0", 0, 0, L_0x835c4d8;
V_$0x8335ee0 .net "c1", 0, 0, L_0x835c9e8;
V_$0x8335d20 .net "c2", 0, 0, L_0x835cd80;
V_$0x83368b8 .net "c3", 0, 0, L_0x835cb68;
V_$0x8336ac0 .net "cout", 0, 0, L_0x835cf98;
V_$0x83371e0 .net "cp0", 0, 0, L_0x835c948;
V_$0x8337608 .net "cp01", 0, 0, L_0x835c978;
V_$0x8337c70 .net "cp02", 0, 0, L_0x835ca18;
V_$0x8337f18 .net "cp03", 0, 0, L_0x835cab0;
V_$0x8337d68 .net "g", 0, 0, L_0x835ccb0;
V_$0x83389f0 .net "g0", 0, 0, L_0x835c508;
V_$0x8338bf8 .net "g0p1", 0, 0, L_0x835cb38;
V_$0x8339ef8 .net "g0p12", 0, 0, L_0x835cc28;
V_$0x8339a70 .net "g0p13", 0, 0, L_0x835cdd8;
V_$0x833a1a0 .net "g1", 0, 0, L_0x835c5a8;
V_$0x8339fe0 .net "g1p2", 0, 0, L_0x835cbb8;
V_$0x833a448 .net "g1p23", 0, 0, L_0x835cd38;
V_$0x833aca8 .net "g2", 0, 0, L_0x835c648;
V_$0x833aeb0 .net "g2p3", 0, 0, L_0x835cd08;
V_$0x833bd18 .net "g3", 0, 0, L_0x835c6e8;
V_$0x833c1e0 .net "in1", 3, 0, C<z>, C<z>, C<z>, C<z>;
V_$0x833c6b0 .net "in2", 3, 0, C<z>, C<z>, C<z>, C<z>;
V_$0x833c4d8 .net "out", 3, 0, L_0x835cf40, L_0x835ca60, L_0x835cae0, L_0x835cff0;
V_$0x833c958 .net "p", 0, 0, L_0x835d020;
V_$0x833d2d0 .net "p0", 0, 0, L_0x835c788;
V_$0x8303990 .net "p1", 0, 0, L_0x835c7b8;
V_$0x833e060 .net "p2", 0, 0, L_0x835c7e8;
V_$0x8318e98 .net "p3", 0, 0, L_0x835c898;
S_0x833b1a0 .scope module, "twoscomplement16bit" "twoscomplement16bit";
 .timescale 0;
L_0x835c368 .functor NOT (1), C<z>, C<0>, C<0>, C<0>;
L_0x835d478 .functor NOT (1), C<z>, C<0>, C<0>, C<0>;
L_0x835d920 .functor NOT (1), C<z>, C<0>, C<0>, C<0>;
L_0x835d988 .functor NOT (1), C<z>, C<0>, C<0>, C<0>;
L_0x835d9f0 .functor NOT (1), C<z>, C<0>, C<0>, C<0>;
L_0x835da58 .functor NOT (1), C<z>, C<0>, C<0>, C<0>;
L_0x835dac0 .functor NOT (1), C<z>, C<0>, C<0>, C<0>;
L_0x835db28 .functor NOT (1), C<z>, C<0>, C<0>, C<0>;
L_0x835db90 .functor NOT (1), C<z>, C<0>, C<0>, C<0>;
L_0x835dbf8 .functor NOT (1), C<z>, C<0>, C<0>, C<0>;
L_0x835dc90 .functor NOT (1), C<z>, C<0>, C<0>, C<0>;
L_0x835dcf8 .functor NOT (1), C<z>, C<0>, C<0>, C<0>;
L_0x835dc60 .functor NOT (1), C<z>, C<0>, C<0>, C<0>;
L_0x835ddd0 .functor NOT (1), C<z>, C<0>, C<0>, C<0>;
L_0x835de38 .functor NOT (1), C<z>, C<0>, C<0>, C<0>;
L_0x835de68 .functor NOT (1), C<z>, C<0>, C<0>, C<0>;
V_$0x8354ba8 .net "as", 0, 0, C<0>;
V_$0x8354cb0 .net "in", 15, 0, C<z>, C<z>, C<z>, C<z>, C<z>, C<z>, C<z>, C<z>, C<z>, C<z>, C<z>, C<z>, C<z>, C<z>, C<z>, C<z>;
V_$0x8354d28 .net "one", 15, 0, C<1>, C<0>, C<0>, C<0>, C<0>, C<0>, C<0>, C<0>, C<0>, C<0>, C<0>, C<0>, C<0>, C<0>, C<0>, C<0>;
V_$0x8355150 .net "out", 15, 0, L_0x835f610, L_0x835e000, L_0x835e080, L_0x835e0e8, L_0x835e388, L_0x835e338, L_0x835e4d0, L_0x835e538, L_0x835e850, L_0x835e7e8, L_0x835e998, L_0x835ea00, L_0x835ed70, L_0x835ed08, L_0x835eeb8, L_0x835ef20;
V_$0x8355448 .net "temp", 15, 0, L_0x835c368, L_0x835d478, L_0x835d920, L_0x835d988, L_0x835d9f0, L_0x835da58, L_0x835dac0, L_0x835db28, L_0x835db90, L_0x835dbf8, L_0x835dc90, L_0x835dcf8, L_0x835dc60, L_0x835ddd0, L_0x835de38, L_0x835de68;
V_$0x8355740 .net "cout", 0, 0, L_0x8360528;
S_0x8350f78 .scope module, "adder" "hierarchial_cla_16", S_0x833b1a0;
 .timescale 0;
L_0x835e3f0 .functor AND (1), L_0x835f640, L_0x835e5a0, C<1>, C<1>;
L_0x835e8b8 .functor AND (1), L_0x835f640, L_0x835e5a0, L_0x835ea68, C<1>;
L_0x835edd8 .functor AND (1), L_0x835f640, L_0x835e5a0, L_0x835ea68, L_0x835ef88;
L_0x835f728 .functor BUF (1), L_0x835f640, C<0>, C<0>, C<0>;
L_0x835fb18 .functor BUF (1), L_0x835e3f0, C<0>, C<0>, C<0>;
L_0x835ffe0 .functor BUF (1), L_0x835e8b8, C<0>, C<0>, C<0>;
L_0x8360528 .functor BUF (1), L_0x835edd8, C<0>, C<0>, C<0>;
V_$0x8353b38 .net "c0", 0, 0, C<0>;
V_$0x8353b98 .net "c12", 0, 0, L_0x835ffe0;
V_$0x8353be8 .net "c4", 0, 0, L_0x835f728;
V_$0x8353c38 .net "c8", 0, 0, L_0x835fb18;
V_$0x8353c88 .net "cout", 0, 0, L_0x8360528;
V_$0x8353cd0 .net "cout0", 0, 0, L_0x835f598;
V_$0x8353d78 .net "cout1", 0, 0, L_0x835fbc0;
V_$0x8353dc8 .net "cout2", 0, 0, L_0x83600e8;
V_$0x8353e20 .net "cp0", 0, 0, C<0>;
V_$0x8353e50 .net "cp01", 0, 0, C<0>;
V_$0x8353eb0 .net "cp02", 0, 0, C<0>;
V_$0x8353ef8 .net "cp03", 0, 0, C<0>;
V_$0x8353e80 .net "g0", 0, 0, L_0x835f640;
V_$0x8353f98 .net "g0p1", 0, 0, L_0x835e3f0;
V_$0x8354008 .net "g0p12", 0, 0, L_0x835e8b8;
V_$0x8354080 .net "g0p13", 0, 0, L_0x835edd8;
V_$0x8354108 .net "g1", 0, 0, C<0>;
V_$0x8354158 .net "g1p2", 0, 0, C<0>;
V_$0x83540c0 .net "g1p23", 0, 0, C<0>;
V_$0x83541e8 .net "g2", 0, 0, C<0>;
V_$0x83541a8 .net "g2p3", 0, 0, C<0>;
V_$0x8354298 .net "g3", 0, 0, C<0>;
V_$0x83542e8 .net "in1", 15, 0, C<1>, C<0>, C<0>, C<0>, C<0>, C<0>, C<0>, C<0>, C<0>, C<0>, C<0>, C<0>, C<0>, C<0>, C<0>, C<0>;
V_$0x8354588 .net "in2", 15, 0, L_0x835c368, L_0x835d478, L_0x835d920, L_0x835d988, L_0x835d9f0, L_0x835da58, L_0x835dac0, L_0x835db28, L_0x835db90, L_0x835dbf8, L_0x835dc90, L_0x835dcf8, L_0x835dc60, L_0x835ddd0, L_0x835de38, L_0x835de68;
V_$0x8354820 .net "out", 15, 0, L_0x835f610, L_0x835e000, L_0x835e080, L_0x835e0e8, L_0x835e388, L_0x835e338, L_0x835e4d0, L_0x835e538, L_0x835e850, L_0x835e7e8, L_0x835e998, L_0x835ea00, L_0x835ed70, L_0x835ed08, L_0x835eeb8, L_0x835ef20;
V_$0x8354a98 .net "p0", 0, 0, L_0x835e150;
V_$0x83545d8 .net "p1", 0, 0, L_0x835e5a0;
V_$0x8354b58 .net "p2", 0, 0, L_0x835ea68;
V_$0x8354ae8 .net "p3", 0, 0, L_0x835ef88;
V_$0x8354c00 .net "cout3", 0, 0, L_0x8360638;
S_0x8352c78 .scope module, "CLA1" "cla4", S_0x8350f78;
 .timescale 0;
L_0x835ded0 .functor AND (1), L_0x835f128, L_0x835f2a0, C<1>, C<1>;
L_0x835df00 .functor AND (1), L_0x835f128, L_0x835f2a0, L_0x835f328, C<1>;
L_0x835df48 .functor AND (1), L_0x835f128, L_0x835f2a0, L_0x835f328, L_0x835f3a8;
L_0x835e000 .functor XOR (1), L_0x835f2a0, L_0x835f488, C<0>, C<0>;
L_0x835e080 .functor XOR (1), L_0x835f328, L_0x835f508, C<0>, C<0>;
L_0x835e0e8 .functor XOR (1), L_0x835f3a8, L_0x835f568, C<0>, C<0>;
L_0x835e150 .functor AND (1), L_0x835f3a8, L_0x835f328, L_0x835f2a0, L_0x835f220;
L_0x835f128 .functor BUF (1), L_0x835c368, C<0>, C<0>, C<0>;
L_0x835f220 .functor NOT (1), L_0x835c368, C<0>, C<0>, C<0>;
L_0x835f2a0 .functor BUF (1), L_0x835d478, C<0>, C<0>, C<0>;
L_0x835f328 .functor BUF (1), L_0x835d920, C<0>, C<0>, C<0>;
L_0x835f3a8 .functor BUF (1), L_0x835d988, C<0>, C<0>, C<0>;
L_0x835f488 .functor BUF (1), L_0x835f128, C<0>, C<0>, C<0>;
L_0x835f508 .functor BUF (1), L_0x835ded0, C<0>, C<0>, C<0>;
L_0x835f568 .functor BUF (1), L_0x835df00, C<0>, C<0>, C<0>;
L_0x835f598 .functor BUF (1), L_0x835df48, C<0>, C<0>, C<0>;
L_0x835f610 .functor BUF (1), L_0x835f220, C<0>, C<0>, C<0>;
L_0x835f640 .functor BUF (1), L_0x835df48, C<0>, C<0>, C<0>;
V_$0x8352ce8 .net "c0", 0, 0, C<0>;
V_$0x8352d60 .net "c1", 0, 0, L_0x835f488;
V_$0x8352dc8 .net "c2", 0, 0, L_0x835f508;
V_$0x8352e30 .net "c3", 0, 0, L_0x835f568;
V_$0x8352eb8 .net "cout", 0, 0, L_0x835f598;
V_$0x8352f20 .net "cp0", 0, 0, C<0>;
V_$0x8352f90 .net "cp01", 0, 0, C<0>;
V_$0x8352ff8 .net "cp02", 0, 0, C<0>;
V_$0x8353070 .net "cp03", 0, 0, C<0>;
V_$0x83530e0 .net "g", 0, 0, L_0x835f640;
V_$0x8353168 .net "g0", 0, 0, L_0x835f128;
V_$0x83531b8 .net "g0p1", 0, 0, L_0x835ded0;
V_$0x8353248 .net "g0p12", 0, 0, L_0x835df00;
V_$0x83532a0 .net "g0p13", 0, 0, L_0x835df48;
V_$0x83531e8 .net "g1", 0, 0, C<0>;
V_$0x8353358 .net "g1p2", 0, 0, C<0>;
V_$0x83533e0 .net "g1p23", 0, 0, C<0>;
V_$0x8353430 .net "g2", 0, 0, C<0>;
V_$0x83534c0 .net "g2p3", 0, 0, C<0>;
V_$0x8353510 .net "g3", 0, 0, C<0>;
V_$0x8353470 .net "in1", 3, 0, C<1>, C<0>, C<0>, C<0>;
V_$0x83536b0 .net "in2", 3, 0, L_0x835c368, L_0x835d478, L_0x835d920, L_0x835d988;
V_$0x83537e8 .net "out", 3, 0, L_0x835f610, L_0x835e000, L_0x835e080, L_0x835e0e8;
V_$0x8353918 .net "p", 0, 0, L_0x835e150;
V_$0x83539b0 .net "p0", 0, 0, L_0x835f220;
V_$0x83539f0 .net "p1", 0, 0, L_0x835f2a0;
V_$0x8353a58 .net "p2", 0, 0, L_0x835f328;
V_$0x8353980 .net "p3", 0, 0, L_0x835f3a8;
S_0x8351db8 .scope module, "CLA2" "cla4", S_0x8350f78;
 .timescale 0;
L_0x835e248 .functor AND (1), L_0x835f728, L_0x835f7f0, C<1>, C<1>;
L_0x835e278 .functor AND (1), L_0x835f728, L_0x835f7f0, L_0x835f888, C<1>;
L_0x835e2c0 .functor AND (1), L_0x835f728, L_0x835f7f0, L_0x835f888, L_0x835e648;
L_0x835e308/0/0 .functor AND, L_0x835f728, L_0x835f7f0, L_0x835f888, L_0x835e648;
L_0x835e308/0/4 .functor AND, L_0x835f960, C<1>, C<1>, C<1>;
L_0x835e308 .functor AND (1), L_0x835e308/0/0, L_0x835e308/0/4, C<1>, C<1>;
L_0x835e388 .functor XOR (1), L_0x835f7f0, L_0x835f728, C<0>, C<0>;
L_0x835e338 .functor XOR (1), L_0x835f888, L_0x835fa10, C<0>, C<0>;
L_0x835e4d0 .functor XOR (1), L_0x835e648, L_0x835fb60, C<0>, C<0>;
L_0x835e538 .functor XOR (1), L_0x835f960, L_0x835fb90, C<0>, C<0>;
L_0x835e5a0 .functor AND (1), L_0x835f960, L_0x835e648, L_0x835f888, L_0x835f7f0;
L_0x835f7f0 .functor BUF (1), L_0x835d9f0, C<0>, C<0>, C<0>;
L_0x835f888 .functor BUF (1), L_0x835da58, C<0>, C<0>, C<0>;
L_0x835e648 .functor BUF (1), L_0x835dac0, C<0>, C<0>, C<0>;
L_0x835f960 .functor BUF (1), L_0x835db28, C<0>, C<0>, C<0>;
L_0x835fa10 .functor BUF (1), L_0x835e248, C<0>, C<0>, C<0>;
L_0x835fb60 .functor BUF (1), L_0x835e278, C<0>, C<0>, C<0>;
L_0x835fb90 .functor BUF (1), L_0x835e2c0, C<0>, C<0>, C<0>;
L_0x835fbc0 .functor BUF (1), L_0x835e308, C<0>, C<0>, C<0>;
V_$0x8351e28 .net "c0", 0, 0, L_0x835f728;
V_$0x8351ea0 .net "c1", 0, 0, L_0x835fa10;
V_$0x8351f08 .net "c2", 0, 0, L_0x835fb60;
V_$0x8351f70 .net "c3", 0, 0, L_0x835fb90;
V_$0x8351ff8 .net "cout", 0, 0, L_0x835fbc0;
V_$0x8352060 .net "cp0", 0, 0, L_0x835e248;
V_$0x83520d0 .net "cp01", 0, 0, L_0x835e278;
V_$0x8352138 .net "cp02", 0, 0, L_0x835e2c0;
V_$0x83521b0 .net "cp03", 0, 0, L_0x835e308;
V_$0x8352220 .net "g", 0, 0, C<0>;
V_$0x83522a8 .net "g0", 0, 0, C<0>;
V_$0x83522f8 .net "g0p1", 0, 0, C<0>;
V_$0x8352388 .net "g0p12", 0, 0, C<0>;
V_$0x83523e0 .net "g0p13", 0, 0, C<0>;
V_$0x8352328 .net "g1", 0, 0, C<0>;
V_$0x8352498 .net "g1p2", 0, 0, C<0>;
V_$0x8352520 .net "g1p23", 0, 0, C<0>;
V_$0x8352570 .net "g2", 0, 0, C<0>;
V_$0x8352600 .net "g2p3", 0, 0, C<0>;
V_$0x8352650 .net "g3", 0, 0, C<0>;
V_$0x83525b0 .net "in1", 3, 0, C<0>, C<0>, C<0>, C<0>;
V_$0x83527f0 .net "in2", 3, 0, L_0x835d9f0, L_0x835da58, L_0x835dac0, L_0x835db28;
V_$0x8352928 .net "out", 3, 0, L_0x835e388, L_0x835e338, L_0x835e4d0, L_0x835e538;
V_$0x8352a58 .net "p", 0, 0, L_0x835e5a0;
V_$0x8352af0 .net "p0", 0, 0, L_0x835f7f0;
V_$0x8352b30 .net "p1", 0, 0, L_0x835f888;
V_$0x8352b98 .net "p2", 0, 0, L_0x835e648;
V_$0x8352ac0 .net "p3", 0, 0, L_0x835f960;
S_0x834f880 .scope module, "CLA3" "cla4", S_0x8350f78;
 .timescale 0;
L_0x835e6f0 .functor AND (1), L_0x835fb18, L_0x835fc08, C<1>, C<1>;
L_0x835e720 .functor AND (1), L_0x835fb18, L_0x835fc08, L_0x835eb60, C<1>;
L_0x835e788 .functor AND (1), L_0x835fb18, L_0x835fc08, L_0x835eb60, L_0x835fe10;
L_0x835e7b8/0/0 .functor AND, L_0x835fb18, L_0x835fc08, L_0x835eb60, L_0x835fe10;
L_0x835e7b8/0/4 .functor AND, L_0x835fe90, C<1>, C<1>, C<1>;
L_0x835e7b8 .functor AND (1), L_0x835e7b8/0/0, L_0x835e7b8/0/4, C<1>, C<1>;
L_0x835e850 .functor XOR (1), L_0x835fc08, L_0x835fb18, C<0>, C<0>;
L_0x835e7e8 .functor XOR (1), L_0x835eb60, L_0x835ff40, C<0>, C<0>;
L_0x835e998 .functor XOR (1), L_0x835fe10, L_0x8360040, C<0>, C<0>;
L_0x835ea00 .functor XOR (1), L_0x835fe90, L_0x8360070, C<0>, C<0>;
L_0x835ea68 .functor AND (1), L_0x835fe90, L_0x835fe10, L_0x835eb60, L_0x835fc08;
L_0x835fc08 .functor BUF (1), L_0x835db90, C<0>, C<0>, C<0>;
L_0x835eb60 .functor BUF (1), L_0x835dbf8, C<0>, C<0>, C<0>;
L_0x835fe10 .functor BUF (1), L_0x835dc90, C<0>, C<0>, C<0>;
L_0x835fe90 .functor BUF (1), L_0x835dcf8, C<0>, C<0>, C<0>;
L_0x835ff40 .functor BUF (1), L_0x835e6f0, C<0>, C<0>, C<0>;
L_0x8360040 .functor BUF (1), L_0x835e720, C<0>, C<0>, C<0>;
L_0x8360070 .functor BUF (1), L_0x835e788, C<0>, C<0>, C<0>;
L_0x83600e8 .functor BUF (1), L_0x835e7b8, C<0>, C<0>, C<0>;
V_$0x834f8f0 .net "c0", 0, 0, L_0x835fb18;
V_$0x834f778 .net "c1", 0, 0, L_0x835ff40;
V_$0x8351088 .net "c2", 0, 0, L_0x8360040;
V_$0x83510b8 .net "c3", 0, 0, L_0x8360070;
V_$0x8351128 .net "cout", 0, 0, L_0x83600e8;
V_$0x8351190 .net "cp0", 0, 0, L_0x835e6f0;
V_$0x8351200 .net "cp01", 0, 0, L_0x835e720;
V_$0x8351268 .net "cp02", 0, 0, L_0x835e788;
V_$0x83512f8 .net "cp03", 0, 0, L_0x835e7b8;
V_$0x8351360 .net "g", 0, 0, C<0>;
V_$0x83513e8 .net "g0", 0, 0, C<0>;
V_$0x8351438 .net "g0p1", 0, 0, C<0>;
V_$0x83514c8 .net "g0p12", 0, 0, C<0>;
V_$0x8351520 .net "g0p13", 0, 0, C<0>;
V_$0x83515a0 .net "g1", 0, 0, C<0>;
V_$0x83515d0 .net "g1p2", 0, 0, C<0>;
V_$0x8351658 .net "g1p23", 0, 0, C<0>;
V_$0x83516a8 .net "g2", 0, 0, C<0>;
V_$0x8351738 .net "g2p3", 0, 0, C<0>;
V_$0x8351788 .net "g3", 0, 0, C<0>;
V_$0x83516e8 .net "in1", 3, 0, C<0>, C<0>, C<0>, C<0>;
V_$0x8351928 .net "in2", 3, 0, L_0x835db90, L_0x835dbf8, L_0x835dc90, L_0x835dcf8;
V_$0x8351ac0 .net "out", 3, 0, L_0x835e850, L_0x835e7e8, L_0x835e998, L_0x835ea00;
V_$0x8351b98 .net "p", 0, 0, L_0x835ea68;
V_$0x8351c30 .net "p0", 0, 0, L_0x835fc08;
V_$0x8351c70 .net "p1", 0, 0, L_0x835eb60;
V_$0x8351cd8 .net "p2", 0, 0, L_0x835fe10;
V_$0x8351c00 .net "p3", 0, 0, L_0x835fe90;
S_0x8350fe8 .scope module, "CLA4" "cla4", S_0x8350f78;
 .timescale 0;
L_0x835ebb8 .functor AND (1), L_0x835ffe0, L_0x835ee40, C<1>, C<1>;
L_0x835ebe8 .functor AND (1), L_0x835ffe0, L_0x835ee40, L_0x835f080, C<1>;
L_0x835ec50 .functor AND (1), L_0x835ffe0, L_0x835ee40, L_0x835f080, L_0x8360340;
L_0x835ecd8/0/0 .functor AND, L_0x835ffe0, L_0x835ee40, L_0x835f080, L_0x8360340;
L_0x835ecd8/0/4 .functor AND, L_0x83603c0, C<1>, C<1>, C<1>;
L_0x835ecd8 .functor AND (1), L_0x835ecd8/0/0, L_0x835ecd8/0/4, C<1>, C<1>;
L_0x835ed70 .functor XOR (1), L_0x835ee40, L_0x835ffe0, C<0>, C<0>;
L_0x835ed08 .functor XOR (1), L_0x835f080, L_0x8360470, C<0>, C<0>;
L_0x835eeb8 .functor XOR (1), L_0x8360340, L_0x8360298, C<0>, C<0>;
L_0x835ef20 .functor XOR (1), L_0x83603c0, L_0x83605c0, C<0>, C<0>;
L_0x835ef88 .functor AND (1), L_0x83603c0, L_0x8360340, L_0x835f080, L_0x835ee40;
L_0x835ee40 .functor BUF (1), L_0x835dc60, C<0>, C<0>, C<0>;
L_0x835f080 .functor BUF (1), L_0x835ddd0, C<0>, C<0>, C<0>;
L_0x8360340 .functor BUF (1), L_0x835de38, C<0>, C<0>, C<0>;
L_0x83603c0 .functor BUF (1), L_0x835de68, C<0>, C<0>, C<0>;
L_0x8360470 .functor BUF (1), L_0x835ebb8, C<0>, C<0>, C<0>;
L_0x8360298 .functor BUF (1), L_0x835ebe8, C<0>, C<0>, C<0>;
L_0x83605c0 .functor BUF (1), L_0x835ec50, C<0>, C<0>, C<0>;
L_0x8360638 .functor BUF (1), L_0x835ecd8, C<0>, C<0>, C<0>;
V_$0x8351058 .net "c0", 0, 0, L_0x835ffe0;
V_$0x8320b58 .net "c1", 0, 0, L_0x8360470;
V_$0x8308548 .net "c2", 0, 0, L_0x8360298;
V_$0x83197b8 .net "c3", 0, 0, L_0x83605c0;
V_$0x8320a40 .net "cout", 0, 0, L_0x8360638;
V_$0x8320a70 .net "cp0", 0, 0, L_0x835ebb8;
V_$0x834f4c0 .net "cp01", 0, 0, L_0x835ebe8;
V_$0x834f508 .net "cp02", 0, 0, L_0x835ec50;
V_$0x831efe0 .net "cp03", 0, 0, L_0x835ecd8;
V_$0x831f028 .net "g", 0, 0, C<0>;
V_$0x831d4b0 .net "g0", 0, 0, C<0>;
V_$0x831d4f8 .net "g0p1", 0, 0, C<0>;
V_$0x831f058 .net "g0p12", 0, 0, C<0>;
V_$0x831ba08 .net "g0p13", 0, 0, C<0>;
V_$0x831d528 .net "g1", 0, 0, C<0>;
V_$0x831ba90 .net "g1p2", 0, 0, C<0>;
V_$0x831ba38 .net "g1p23", 0, 0, C<0>;
V_$0x8322520 .net "g2", 0, 0, C<0>;
V_$0x831bac0 .net "g2p3", 0, 0, C<0>;
V_$0x83225b8 .net "g3", 0, 0, C<0>;
V_$0x8322550 .net "in1", 3, 0, C<0>, C<0>, C<0>, C<0>;
V_$0x834f5e8 .net "in2", 3, 0, L_0x835dc60, L_0x835ddd0, L_0x835de38, L_0x835de68;
V_$0x834f6a8 .net "out", 3, 0, L_0x835ed70, L_0x835ed08, L_0x835eeb8, L_0x835ef20;
V_$0x834fa90 .net "p", 0, 0, L_0x835ef88;
V_$0x834fb28 .net "p0", 0, 0, L_0x835ee40;
V_$0x834fb80 .net "p1", 0, 0, L_0x835f080;
V_$0x834fac0 .net "p2", 0, 0, L_0x8360340;
V_$0x834f7d8 .net "p3", 0, 0, L_0x83603c0;
